  Com.cpp
  kinematics.cpp
  main.cpp
  manipulator.cpp
  mcu.cpp
D:\workspace\Training\C++\TheFirstProject\TheFirstProject\mcu.cpp(32,9): warning C4334: '<<': result of 32-bit shift implicitly converted to 64 bits (was 64-bit shift intended?)
D:\workspace\Training\C++\TheFirstProject\TheFirstProject\mcu.cpp(35,9): warning C4334: '<<': result of 32-bit shift implicitly converted to 64 bits (was 64-bit shift intended?)
D:\workspace\Training\C++\TheFirstProject\TheFirstProject\mcu.cpp(38,9): warning C4334: '<<': result of 32-bit shift implicitly converted to 64 bits (was 64-bit shift intended?)
D:\workspace\Training\C++\TheFirstProject\TheFirstProject\mcu.cpp(41,9): warning C4334: '<<': result of 32-bit shift implicitly converted to 64 bits (was 64-bit shift intended?)
D:\workspace\Training\C++\TheFirstProject\TheFirstProject\mcu.cpp(44,9): warning C4334: '<<': result of 32-bit shift implicitly converted to 64 bits (was 64-bit shift intended?)
D:\workspace\Training\C++\TheFirstProject\TheFirstProject\mcu.cpp(79,9): warning C4319: '~': zero extending 'unsigned int' to 'unsigned __int64' of greater size
D:\workspace\Training\C++\TheFirstProject\TheFirstProject\mcu.cpp(82,9): warning C4319: '~': zero extending 'unsigned int' to 'unsigned __int64' of greater size
D:\workspace\Training\C++\TheFirstProject\TheFirstProject\mcu.cpp(85,9): warning C4319: '~': zero extending 'unsigned int' to 'unsigned __int64' of greater size
D:\workspace\Training\C++\TheFirstProject\TheFirstProject\mcu.cpp(88,9): warning C4319: '~': zero extending 'unsigned int' to 'unsigned __int64' of greater size
D:\workspace\Training\C++\TheFirstProject\TheFirstProject\mcu.cpp(91,9): warning C4319: '~': zero extending 'unsigned int' to 'unsigned __int64' of greater size
D:\workspace\Training\C++\TheFirstProject\TheFirstProject\mcu.cpp(128,9): warning C4334: '<<': result of 32-bit shift implicitly converted to 64 bits (was 64-bit shift intended?)
D:\workspace\Training\C++\TheFirstProject\TheFirstProject\mcu.cpp(131,9): warning C4334: '<<': result of 32-bit shift implicitly converted to 64 bits (was 64-bit shift intended?)
D:\workspace\Training\C++\TheFirstProject\TheFirstProject\mcu.cpp(134,9): warning C4334: '<<': result of 32-bit shift implicitly converted to 64 bits (was 64-bit shift intended?)
D:\workspace\Training\C++\TheFirstProject\TheFirstProject\mcu.cpp(137,9): warning C4334: '<<': result of 32-bit shift implicitly converted to 64 bits (was 64-bit shift intended?)
D:\workspace\Training\C++\TheFirstProject\TheFirstProject\mcu.cpp(140,9): warning C4334: '<<': result of 32-bit shift implicitly converted to 64 bits (was 64-bit shift intended?)
  Generating Code...
  TheFirstProject.vcxproj -> D:\workspace\Training\C++\TheFirstProject\x64\Debug\TheFirstProject.exe
